<?xml version="1.0" encoding="UTF-8"?>
<testng-results skipped="0" failed="0" total="3" passed="3">
  <reporter-output>
    <line>
      <![CDATA[Browsers Options :: ]]>
    </line>
    <line>
      <![CDATA[Firefox]]>
    </line>
    <line>
      <![CDATA[Chrome]]>
    </line>
    <line>
      <![CDATA[Safari]]>
    </line>
    <line>
      <![CDATA[Chrome Browser]]>
    </line>
    <line>
      <![CDATA[AppDirect HomePage]]>
    </line>
    <line>
      <![CDATA[AppDirect LoginPage]]>
    </line>
    <line>
      <![CDATA[AppDirect SignUp Page]]>
    </line>
  </reporter-output>
  <suite name="Default suite" duration-ms="57533" started-at="2017-04-06T19:09:31Z" finished-at="2017-04-06T19:10:28Z">
    <groups>
    </groups>
    <test name="Default test" duration-ms="57533" started-at="2017-04-06T19:09:31Z" finished-at="2017-04-06T19:10:28Z">
      <class name="com.appdirect.TestPackage.HomePageTest">
        <test-method status="PASS" signature="setupBrowser()[pri:0, instance:com.appdirect.TestPackage.HomePageTest@59fa1d9b]" name="setupBrowser" is-config="true" duration-ms="17739" started-at="2017-04-07T00:39:31Z" finished-at="2017-04-07T00:39:48Z">
          <reporter-output>
            <line>
              <![CDATA[Browsers Options :: ]]>
            </line>
            <line>
              <![CDATA[Firefox]]>
            </line>
            <line>
              <![CDATA[Chrome]]>
            </line>
            <line>
              <![CDATA[Safari]]>
            </line>
            <line>
              <![CDATA[Chrome Browser]]>
            </line>
          </reporter-output>
        </test-method> <!-- setupBrowser -->
        <test-method status="PASS" signature="openHomePage()[pri:0, instance:com.appdirect.TestPackage.HomePageTest@59fa1d9b]" name="openHomePage" duration-ms="19344" started-at="2017-04-07T00:39:48Z" finished-at="2017-04-07T00:40:08Z">
          <reporter-output>
            <line>
              <![CDATA[AppDirect HomePage]]>
            </line>
          </reporter-output>
        </test-method> <!-- openHomePage -->
        <test-method status="PASS" signature="openLoginPage()[pri:0, instance:com.appdirect.TestPackage.HomePageTest@59fa1d9b]" name="openLoginPage" duration-ms="9780" started-at="2017-04-07T00:40:08Z" finished-at="2017-04-07T00:40:18Z">
          <reporter-output>
            <line>
              <![CDATA[AppDirect LoginPage]]>
            </line>
          </reporter-output>
        </test-method> <!-- openLoginPage -->
        <test-method status="PASS" signature="opensignupPage()[pri:0, instance:com.appdirect.TestPackage.HomePageTest@59fa1d9b]" name="opensignupPage" duration-ms="10552" started-at="2017-04-07T00:40:18Z" finished-at="2017-04-07T00:40:28Z">
          <reporter-output>
            <line>
              <![CDATA[AppDirect SignUp Page]]>
            </line>
          </reporter-output>
        </test-method> <!-- opensignupPage -->
        <test-method status="PASS" signature="closeDriver()[pri:0, instance:com.appdirect.TestPackage.HomePageTest@59fa1d9b]" name="closeDriver" is-config="true" duration-ms="107" started-at="2017-04-07T00:40:28Z" finished-at="2017-04-07T00:40:28Z">
          <reporter-output>
          </reporter-output>
        </test-method> <!-- closeDriver -->
      </class> <!-- com.appdirect.TestPackage.HomePageTest -->
    </test> <!-- Default test -->
  </suite> <!-- Default suite -->
</testng-results>
